<?xml version="1.0" encoding="UTF-8"?>
<robot generator="Robot 6.1.1 (Python 3.9.16 on win32)" generated="20230823 12:22:21.336" rpa="false" schemaversion="4">
<suite id="s1" name="Mobiletest2" source="c:\Users\RistomattiRinne\OneDrive - codemen.fi\Desktop\Robo\testi\mobiletest2.robot">
<test id="s1-t1" name="Verify H1 Text On The Site" line="12">
<kw name="Given A Webkit Browser Is Opened to the site">
<kw name="Open Browser" library="Browser">
<arg>${URL}</arg>
<arg>browser=Webkit</arg>
<tag>BrowserControl</tag>
<tag>Setter</tag>
<doc>Opens a new browser instance. Use this keyword for quick experiments or debugging sessions.</doc>
<msg timestamp="20230823 12:22:22.165" level="WARN">Open Browser is for quick experimentation and debugging only. Use New Page for production.</msg>
<msg timestamp="20230823 12:22:22.168" level="INFO">{"browser": "webkit", "headless": false, "chromiumSandbox": false, "devtools": false, "handleSIGHUP": true, "handleSIGINT": true, "handleSIGTERM": true, "ignoreDefaultArgs": false, "slowMo": 0.0, "timeout": 30000.0, "tracesDir": "C:\\Users\\RistomattiRinne\\OneDrive - codemen.fi\\Desktop\\Robo\\browser\\traces\\2c42d516-8e00-4bf0-8b59-5d58b6c0eba8"}</msg>
<msg timestamp="20230823 12:22:22.690" level="INFO">Successfully created browser with options: {"browser":"webkit","headless":false,"chromiumSandbox":false,"devtools":false,"handleSIGHUP":true,"handleSIGINT":true,"handleSIGTERM":true,"ignoreDefaultArgs":false,"slowMo":0,"timeout":30000,"tracesDir":"C:\\Users\\RistomattiRinne\\OneDrive - codemen.fi\\Desktop\\Robo\\browser\\traces\\2c42d516-8e00-4bf0-8b59-5d58b6c0eba8"}</msg>
<msg timestamp="20230823 12:22:22.692" level="INFO">{
  "acceptDownloads": true,
  "bypassCSP": true,
  "forcedColors": "none",
  "hideRfBrowser": "",
  "ignoreHTTPSErrors": false,
  "javaScriptEnabled": true,
  "offline": false,
  "reducedMotion": "no-preference",
  "serviceWorkers": "allow",
  "viewport": {
    "height": 720,
    "width": 1280
  }
}</msg>
<msg timestamp="20230823 12:22:22.708" level="INFO">Successfully created context. </msg>
<msg timestamp="20230823 12:22:22.708" level="INFO">{'acceptDownloads': True, 'bypassCSP': True, 'forcedColors': 'none', 'hideRfBrowser': '', 'ignoreHTTPSErrors': False, 'javaScriptEnabled': True, 'offline': False, 'reducedMotion': 'no-preference', 'serviceWorkers': 'allow', 'viewport': {'height': 720, 'width': 1280}}</msg>
<msg timestamp="20230823 12:22:27.771" level="INFO">Successfully initialized new page object and opened url: https://tilavaraus.test.hel.ninja/</msg>
<status status="PASS" starttime="20230823 12:22:22.165" endtime="20230823 12:22:27.771"/>
</kw>
<status status="PASS" starttime="20230823 12:22:22.164" endtime="20230823 12:22:27.772"/>
</kw>
<kw name="Then I Should See An &quot;h1&quot; Element With Text">
<kw name="Get Text" library="Browser">
<var>${EXPECTED_H1}</var>
<arg>css=h1</arg>
<tag>Assertion</tag>
<tag>Getter</tag>
<tag>PageContent</tag>
<doc>Returns text attribute of the element found by ``selector``.</doc>
<msg timestamp="20230823 12:22:27.870" level="INFO">Text: 'Varaa tiloja ja laitteita'</msg>
<msg timestamp="20230823 12:22:27.870" level="INFO">${EXPECTED_H1} = Varaa tiloja ja laitteita</msg>
<status status="PASS" starttime="20230823 12:22:27.774" endtime="20230823 12:22:27.871"/>
</kw>
<kw name="Should Contain" library="BuiltIn">
<arg>${EXPECTED_H1}</arg>
<arg>${EXPECTED_H1_TEXT}</arg>
<doc>Fails if ``container`` does not contain ``item`` one or more times.</doc>
<msg timestamp="20230823 12:22:27.872" level="FAIL">'Varaa tiloja ja laitteita' does not contain 'Varaa tiloja ja laitteasdfita'</msg>
<status status="FAIL" starttime="20230823 12:22:27.871" endtime="20230823 12:22:27.872"/>
</kw>
<status status="FAIL" starttime="20230823 12:22:27.772" endtime="20230823 12:22:27.873"/>
</kw>
<status status="FAIL" starttime="20230823 12:22:22.160" endtime="20230823 12:22:27.873">'Varaa tiloja ja laitteita' does not contain 'Varaa tiloja ja laitteasdfita'</status>
</test>
<status status="FAIL" starttime="20230823 12:22:21.344" endtime="20230823 12:22:27.950"/>
</suite>
<statistics>
<total>
<stat pass="0" fail="1" skip="0">All Tests</stat>
</total>
<tag>
</tag>
<suite>
<stat pass="0" fail="1" skip="0" id="s1" name="Mobiletest2">Mobiletest2</stat>
</suite>
</statistics>
<errors>
<msg timestamp="20230823 12:22:22.165" level="WARN">Open Browser is for quick experimentation and debugging only. Use New Page for production.</msg>
</errors>
</robot>
